<component name="libraryTable">
  <library name="JUnit">
    <CLASSES>
      <root url="jar://E:/software/JUnit/junit-4.12.jar!/" />
      <root url="jar://E:/software/JUnit/hamcrest-core-2.1.jar!/" />
      <root url="jar://E:/software/JUnit/hamcrest-core-1.3.jar!/" />
    </CLASSES>
    <JAVADOC />
    <SOURCES />
  </library>
</component>